<?xml version="1.0" encoding="UTF-8"?>
<!-- Generated by org.testng.reporters.JUnitXMLReporter -->
<testsuite ignored="0" hostname="LAPTOP-AFTL93HH" failures="0" tests="13" name="Test" time="166.068" errors="0" timestamp="2024-07-21T23:38:52 IST">
  <testcase classname="TA.TA_01" name="test_1" time="10.117"/>
  <testcase classname="TA.TA_01" name="test_2" time="0.362"/>
  <testcase classname="TA.TA_01" name="test_3" time="3.138"/>
  <testcase classname="TA.TA_02" name="test_04" time="3.071"/>
  <testcase classname="TA.TA_02" name="test_5" time="3.519"/>
  <testcase classname="TA.TA_02" name="test_06" time="0.755"/>
  <testcase classname="TA.TA_02" name="test_07" time="2.343"/>
  <testcase classname="TA.TA_02" name="test_08" time="15.463"/>
  <testcase classname="TA.TA_03" name="test_09" time="3.832"/>
  <testcase classname="TA.TA_03" name="test_10" time="3.526"/>
  <testcase classname="TA.TA_03" name="test_11" time="9.547"/>
  <testcase classname="TA.TA_04" name="test_12" time="7.379"/>
  <testcase classname="TA.TA_04" name="test_13" time="0.063"/>
</testsuite> <!-- Test -->
